  --non-interactive is not supported, use $CI=1 instead
env: load .env.local .env
env: export EXPO_PUBLIC_NAV_V2 EXPO_PUBLIC_SENTRY_DSN EXPO_PUBLIC_SUPABASE_ANON_KEY EXPO_PUBLIC_SUPABASE_URL EXPO_PUBLIC_WHATSAPP_DEFAULT_TEXT SUPABASE_ANON_KEY SUPABASE_URL
[33m› [1m[@sentry/react-native/expo][22m Missing config for [1morganization, project[22m. Environment variables will be used as a fallback during the build. https://docs.sentry.io/platforms/react-native/manual-setup/[0m
Starting project at C:\Users\gusta\Downloads\GoAtleta
React Compiler enabled
Starting Metro Bundler

warning: Bundler cache is empty, rebuilding (this may take a minute)
Waiting on http://localhost:8081
Logs for your project will appear below.
Web node_modules\expo-router\entry.js ░░░░░░░░░░░░░░░░  0.0% (0/1)
Web node_modules\expo-router\entry.js ▓░░░░░░░░░░░░░░░  9.0% (3/5)
λ node_modules\expo\node_modules\@expo\cli\node_modules\@expo\router-server\node\render.js ▓▓▓░░░░░░░░░░░░░ 19.1% (14/32)
Web node_modules\expo-router\entry.js ▓▓▓▓▓░░░░░░░░░░░ 36.0% ( 92/201)
λ node_modules\expo\node_modules\@expo\cli\node_modules\@expo\router-server\node\render.js ▓▓▓▓▓▓▓▓░░░░░░░░ 51.9% (193/465)
| [33m› [1m[@sentry/react-native/expo][22m Missing config for [1morganization, project[22m. Environment variables will be used as a fallback during the build. https://docs.sentry.io/platforms/react-native/manual-setup/[0m
Web node_modules\expo-router\entry.js ▓▓▓▓▓░░░░░░░░░░░ 36.0% (155/303)
λ node_modules\expo\node_modules\@expo\cli\node_modules\@expo\router-server\node\render.js ▓▓▓▓▓▓▓▓░░░░░░░░ 51.9% (468/804)
Web node_modules\expo-router\entry.js ▓▓▓▓▓░░░░░░░░░░░ 36.0% (311/572)
λ node_modules\expo\node_modules\@expo\cli\node_modules\@expo\router-server\node\render.js ▓▓▓▓▓▓▓▓▓░░░░░░░ 56.4% ( 819/1091)
Web node_modules\expo-router\entry.js ▓▓▓▓▓░░░░░░░░░░░ 36.0% (379/727)
λ node_modules\expo\node_modules\@expo\cli\node_modules\@expo\router-server\node\render.js ▓▓▓▓▓▓▓▓▓░░░░░░░ 57.0% ( 830/1099)
Web node_modules\expo-router\entry.js ▓▓▓▓▓░░░░░░░░░░░ 36.0% (416/777)
λ node_modules\expo\node_modules\@expo\cli\node_modules\@expo\router-server\node\render.js ▓▓▓▓▓▓▓▓▓░░░░░░░ 61.3% (1053/1568)
Web node_modules\expo-router\entry.js ▓▓▓▓▓▓▓░░░░░░░░░ 45.5% ( 687/1019)
λ node_modules\expo\node_modules\@expo\cli\node_modules\@expo\router-server\node\render.js ▓▓▓▓▓▓▓▓▓░░░░░░░ 61.3% (1164/1609)
Web node_modules\expo-router\entry.js ▓▓▓▓▓▓▓░░░░░░░░░ 49.1% ( 749/1069)
λ node_modules\expo\node_modules\@expo\cli\node_modules\@expo\router-server\node\render.js ▓▓▓▓▓▓▓▓▓▓▓░░░░░ 72.0% (1451/1710)
Web node_modules\expo-router\entry.js ▓▓▓▓▓▓▓▓▓░░░░░░░ 59.0% ( 887/1155)
λ node_modules\expo\node_modules\@expo\cli\node_modules\@expo\router-server\node\render.js ▓▓▓▓▓▓▓▓▓▓▓░░░░░ 72.5% (1572/1870)
Web node_modules\expo-router\entry.js ▓▓▓▓▓▓▓▓▓░░░░░░░ 62.4% (1047/1391)
λ node_modules\expo\node_modules\@expo\cli\node_modules\@expo\router-server\node\render.js ▓▓▓▓▓▓▓▓▓▓▓▓░░░░ 78.5% (1733/1956)
Web node_modules\expo-router\entry.js ▓▓▓▓▓▓▓▓▓░░░░░░░ 62.4% (1071/1426)
λ node_modules\expo\node_modules\@expo\cli\node_modules\@expo\router-server\node\render.js ▓▓▓▓▓▓▓▓▓▓▓▓░░░░ 78.9% (1856/2089)
Web node_modules\expo-router\entry.js ▓▓▓▓▓▓▓▓▓░░░░░░░ 62.4% (1211/1540)
λ node_modules\expo\node_modules\@expo\cli\node_modules\@expo\router-server\node\render.js ▓▓▓▓▓▓▓▓▓▓▓▓▓░░░ 81.7% (1894/2095)
Web node_modules\expo-router\entry.js ▓▓▓▓▓▓▓▓▓▓░░░░░░ 64.5% (1352/1750)
λ node_modules\expo\node_modules\@expo\cli\node_modules\@expo\router-server\node\render.js ▓▓▓▓▓▓▓▓▓▓▓▓▓░░░ 85.6% (2000/2162)
Web node_modules\expo-router\entry.js ▓▓▓▓▓▓▓▓▓▓░░░░░░ 66.5% (1532/1883)
λ node_modules\expo\node_modules\@expo\cli\node_modules\@expo\router-server\node\render.js ▓▓▓▓▓▓▓▓▓▓▓▓▓▓░░ 93.4% (2115/2188)
Web node_modules\expo-router\entry.js ▓▓▓▓▓▓▓▓▓▓▓▓░░░░ 78.5% (1842/2097)
λ node_modules\expo\node_modules\@expo\cli\node_modules\@expo\router-server\node\render.js ▓▓▓▓▓▓▓▓▓▓▓▓▓▓▓░ 96.5% (2199/2238)
Web node_modules\expo-router\entry.js ▓▓▓▓▓▓▓▓▓▓▓▓▓▓░░ 92.9% (2188/2273)
λ node_modules\expo\node_modules\@expo\cli\node_modules\@expo\router-server\node\render.js ▓▓▓▓▓▓▓▓▓▓▓▓▓▓▓░ 98.8% (2349/2363)
λ Bundled 61321ms node_modules\expo\node_modules\@expo\cli\node_modules\@expo\router-server\node\render.js (2378 modules)
Web node_modules\expo-router\entry.js ▓▓▓▓▓▓▓▓▓▓▓▓▓▓▓░ 99.8% (2333/2335)
λ node_modules\expo\node_modules\@expo\cli\node_modules\@expo\router-server\node\render.js ▓▓▓▓▓▓▓▓▓▓▓▓▓▓▓░ 99.9% (2378/2378)
Web Bundled 63237ms node_modules\expo-router\entry.js (2335 modules)
λ  LOG  [render] OrganizationProvider — mount (#1)
λ  LOG  [render] CopilotProvider — mount (#1)
λ  WARN  props.pointerEvents is deprecated. Use style.pointerEvents 
  console.warnedKeys [as warn] (C:\Users\gusta\Downloads\GoAtleta\node_modules\expo\node_modules\@expo\cli\src\start\server\serverLogLikeMetro.ts:177:21)
  warnOnce (C:\Users\gusta\Downloads\GoAtleta\node_modules\react-native-web\dist\modules\warnOnce\index.js:25:5)
  createElement (C:\Users\gusta\Downloads\GoAtleta\node_modules\react-native-web\dist\modules\createDOMProps\index.js:806:3)
  writingDirection (C:\Users\gusta\Downloads\GoAtleta\node_modules\react-native-web\dist\exports\createElement\index.js:24:36)
  View (C:\Users\gusta\Downloads\GoAtleta\node_modules\react-native-web\dist\exports\View\index.js:112:5)
  Object.react_stack_bottom_frame (C:\Users\gusta\Downloads\GoAtleta\node_modules\react-dom\cjs\react-dom-server-legacy.node.development.js:9809:9)
  request (C:\Users\gusta\Downloads\GoAtleta\node_modules\react-dom\cjs\react-dom-server-legacy.node.development.js:5073:22)
  renderElement (C:\Users\gusta\Downloads\GoAtleta\node_modules\react-dom\cjs\react-dom-server-legacy.node.development.js:6026:17)
  retryNode (C:\Users\gusta\Downloads\GoAtleta\node_modules\react-dom\cjs\react-dom-server-legacy.node.development.js:6429:15)
  renderNodeDestructive (C:\Users\gusta\Downloads\GoAtleta\node_modules\react-dom\cjs\react-dom-server-legacy.node.development.js:6370:5)
Web node_modules\expo-router\entry.js ░░░░░░░░░░░░░░░░  0.0% (0/1)
Web node_modules\expo-router\entry.js ▓▓▓▓▓░░░░░░░░░░░ 36.9% (167/385)
Web node_modules\expo-router\entry.js ▓▓▓▓▓░░░░░░░░░░░ 36.9% (222/519)
Web node_modules\expo-router\entry.js ▓▓▓▓▓░░░░░░░░░░░ 36.9% (310/666)
Web node_modules\expo-router\entry.js ▓▓▓▓▓░░░░░░░░░░░ 36.9% (408/755)
Web node_modules\expo-router\entry.js ▓▓▓▓▓▓░░░░░░░░░░ 40.7% (566/892)
Web node_modules\expo-router\entry.js ▓▓▓▓▓▓░░░░░░░░░░ 41.3% ( 736/1184)
Web node_modules\expo-router\entry.js ▓▓▓▓▓▓░░░░░░░░░░ 41.3% ( 833/1323)
